

---------------------------------------------------------------------------------------------------
EQ1 : What are the names N of all program blocks?

eq1(ProgramName)
...................................................................................................
eq1(extract_prism_data).


---------------------------------------------------------------------------------------------------
EQ2 : What out ports are qualified with URIs

eq2(PortName)
...................................................................................................
eq2(prism_data_for_coordinates).


---------------------------------------------------------------------------------------------------
EQ3 : What products are produced by ports qualified with URIs 

eq2(PortName)
...................................................................................................


---------------------------------------------------------------------------------------------------
YW_Q1 : What program blocks provide input to gen_paleocar_model?

yw_q1(ProgramName)
...................................................................................................


---------------------------------------------------------------------------------------------------
YW_Q2 : What workflow steps comprise the top-level workflow?

yw_q2(StepName, Description)
...................................................................................................
yw_q2(extract_prism_data,'file containing the precipitation values for the particular region.').
yw_q2(extract_prism_data,'Load the prism data file with precipitation values and extract the data for the input coordinates and save as a csv file.').


---------------------------------------------------------------------------------------------------
YW_Q3 : What programs have input ports that receive data user_prediction_years?

yw_q3(ProgramName)
...................................................................................................


---------------------------------------------------------------------------------------------------
YW_Q4 : What are the names and descriptions of any outputs of the workflow?

yw_q4(OutputName, Description)
...................................................................................................
yw_q4(prism_data_for_coordinates,'file containing the precipitation values for the selected region.').
