

---------------------------------------------------------------------------------------------------
EQ1 : What are the names N of all program blocks?

eq1(ProgramName)
...................................................................................................
eq1(exec_paleocar).
eq1(extract_prism_data).
eq1(acccess_static_server_files).
eq1(get_client_data).
eq1('paleocar_web-app_data_flow').


---------------------------------------------------------------------------------------------------
EQ2 : What out ports are qualified with URIs

eq2(PortName)
...................................................................................................
eq2(pal_model).
eq2(log_file).
eq2(data).
eq2(prism_data_for_coordinates).
eq2(pred_plot).
eq2(uncertain_plot).
eq2(pred_model).
eq2(tree_ring).
eq2(uncertain_model).


---------------------------------------------------------------------------------------------------
EQ3 : What products are produced by ports qualified with URIs 

eq2(PortName)
...................................................................................................


---------------------------------------------------------------------------------------------------
YW_Q1 : What program blocks provide input to gen_paleocar_model?

yw_q1(ProgramName)
...................................................................................................


---------------------------------------------------------------------------------------------------
YW_Q2 : What workflow steps comprise the top-level workflow?

yw_q2(StepName, Description)
...................................................................................................
yw_q2(exec_paleocar,'set to true for writing output to a logfile.').
yw_q2(exec_paleocar,'execute paleocar for reconstruction of paleoclimate of the study region. Generate the timeseries graphs, and paleocar models of paleoclimatic reconstruction.').
yw_q2(extract_prism_data,'a user label').
yw_q2(extract_prism_data,'get the prism data file on the server with precipitation values and extract the data for the input coordinates and save as a csv file.').
yw_q2(acccess_static_server_files,'period for calibrating the information for predicting the climate.').
yw_q2(acccess_static_server_files,'the static files available and required for execution of PaleoCAR on the server.').
yw_q2(get_client_data,'Prediction years for reconstruction of paleoclimate.').
yw_q2(get_client_data,'get the data from the user and generate the client side metadata for storing the information of each run.').


---------------------------------------------------------------------------------------------------
YW_Q3 : What programs have input ports that receive data user_prediction_years?

yw_q3(ProgramName)
...................................................................................................
yw_q3('paleocar_web-app_data_flow').
yw_q3(get_client_data).
yw_q3(acccess_static_server_files).
yw_q3(extract_prism_data).
yw_q3(exec_paleocar).


---------------------------------------------------------------------------------------------------
YW_Q4 : What are the names and descriptions of any outputs of the workflow?

yw_q4(OutputName, Description)
...................................................................................................
