

---------------------------------------------------------------------------------------------------
EQ1 : What are the names N of all program blocks?

eq1(ProgramName)
...................................................................................................


---------------------------------------------------------------------------------------------------
EQ2 : What out ports are qualified with URIs

eq2(PortName)
...................................................................................................


---------------------------------------------------------------------------------------------------
EQ3 : What products are produced by ports qualified with URIs 

eq2(PortName)
...................................................................................................


---------------------------------------------------------------------------------------------------
YW_Q1 : What program blocks provide input to gen_paleocar_model?

yw_q1(ProgramName)
...................................................................................................


---------------------------------------------------------------------------------------------------
YW_Q2 : What workflow steps comprise the top-level workflow?

yw_q2(StepName, Description)
...................................................................................................


---------------------------------------------------------------------------------------------------
YW_Q3 : What programs have input ports that receive data user_prediction_years?

yw_q3(ProgramName)
...................................................................................................


---------------------------------------------------------------------------------------------------
YW_Q4 : What are the names and descriptions of any outputs of the workflow?

yw_q4(OutputName, Description)
...................................................................................................
