

---------------------------------------------------------------------------------------------------
EQ1 : What are the names N of all program blocks?

eq1(ProgramName)
...................................................................................................
eq1(extract_uncertainty_model).
eq1(extract_prediction_model).
eq1(create_paleocar_model).
eq1(exec_paleocar).


---------------------------------------------------------------------------------------------------
EQ2 : What out ports are qualified with URIs

eq2(PortName)
...................................................................................................
eq2(paleocar_models).
eq2(paleocar_log_file).
eq2(uncertainty_model).
eq2(uncertainty_graph).
eq2(prediction_model).
eq2(prediction_graph).
eq2(log_file).
eq2(pal_model).


---------------------------------------------------------------------------------------------------
EQ3 : What products are produced by ports qualified with URIs 

eq2(PortName)
...................................................................................................


---------------------------------------------------------------------------------------------------
YW_Q1 : What program blocks provide input to gen_paleocar_model?

yw_q1(ProgramName)
...................................................................................................
yw_q1(extract_uncertainty_model).
yw_q1(extract_prediction_model).
yw_q1(create_paleocar_model).
yw_q1(exec_paleocar).


---------------------------------------------------------------------------------------------------
YW_Q2 : What workflow steps comprise the top-level workflow?

yw_q2(StepName, Description)
...................................................................................................
yw_q2(extract_uncertainty_model,'period for calibrating the information for predicting the climate.').
yw_q2(extract_uncertainty_model,'generate paleocar models for predicting the climate for the given years.').
yw_q2(extract_prediction_model,'tree ring chronologies database').
yw_q2(extract_prediction_model,'generate paleocar models for predicting the climate for the given years.').
yw_q2(create_paleocar_model,'file containing the precipitation values for the particular region').
yw_q2(create_paleocar_model,'file containing the precipitation values for the selected region.').
yw_q2(create_paleocar_model,'generate paleocar models for predicting the climate for the given years.').


---------------------------------------------------------------------------------------------------
YW_Q3 : What programs have input ports that receive data user_prediction_years?

yw_q3(ProgramName)
...................................................................................................


---------------------------------------------------------------------------------------------------
YW_Q4 : What are the names and descriptions of any outputs of the workflow?

yw_q4(OutputName, Description)
...................................................................................................
yw_q4(paleocar_models,'R model generated for the paleoclimatic reconstruction.').
yw_q4(uncertainty_graph,'timeseries plot of uncertainty model of the paleocar reconstruction.').
yw_q4(uncertainty_model,'R model of the paleocar reconstruction of uncertainties.').
yw_q4(paleocar_log_file,'text file containing information of the execution of the run.').
yw_q4(prediction_model,'R model of the paleocar reconstruction of prediction.').
yw_q4(prediction_graph,'timeseries plot of prediction model of the paleocar reconstruction.').
