

---------------------------------------------------------------------------------------------------
EQ2 : What are the names N of all program blocks?

eq2(ProgramName)
...................................................................................................
eq2(gen_pdf_files).
eq2(extract_model_facts).
eq2(exec_yw_recon).
eq2(get_filenames).
eq2(gen_views).
eq2(gen_png_files).
eq2(exec_queries).
eq2(extract_graph_facts).
eq2(gen_svg_files).
eq2(yw_artifacts).
eq2(gen_dot_files).


---------------------------------------------------------------------------------------------------
EQ3 : What out ports are qualified with URIs

eq3(PortName)
...................................................................................................
eq3(models).
eq3(prov_pdf).
eq3(views).
eq3(graphs).
eq3(gv_files).
eq3(recon).
eq3(svg_files).
eq3(results).
eq3(facts).


---------------------------------------------------------------------------------------------------
YW_Q1 : What program blocks provide input to gen_paleocar_model?

yw_q1(ProgramName)
...................................................................................................


---------------------------------------------------------------------------------------------------
YW_Q2 : What workflow steps comprise the top-level workflow?

yw_q2(StepName, Description)
...................................................................................................
yw_q2(gen_pdf_files,'generate pdf files from doT files').
yw_q2(extract_model_facts,'extract datalog facts from the model.').
yw_q2(exec_yw_recon,'execute yw recon for the run').
yw_q2(get_filenames,'get the filenames from the scripts directory.').
yw_q2(gen_views,'create datalog facts views from the models files.').
yw_q2(gen_png_files,'generate png files from doT files').
yw_q2(extract_graph_facts,'extract datalog facts from the graphs').
yw_q2(exec_queries,'execute prospective provenance queries.').
yw_q2(gen_svg_files,'generate svg files from doT files').
yw_q2(gen_dot_files,'generate yeskworkflow graph files.').


---------------------------------------------------------------------------------------------------
YW_Q3 : What programs have input ports that receive data user_prediction_years?

yw_q3(ProgramName)
...................................................................................................


---------------------------------------------------------------------------------------------------
YW_Q4 : What are the names and descriptions of any outputs of the workflow?

yw_q4(OutputName, Description)
...................................................................................................


---------------------------------------------------------------------------------------------------
YW_Q6 : What are the output data for the paleocar?

yw_q6(DataName)
...................................................................................................


---------------------------------------------------------------------------------------------------
YW_Q7 : What are the input data for the generation of the prediction plot in paleocar?

yw_q7(DataName,StepName)
...................................................................................................


---------------------------------------------------------------------------------------------------
YW_Q5 : What are the input data for the generation of the uncertainty plot in paleocar?

yw_q5(DataName)
...................................................................................................
