

---------------------------------------------------------------------------------------------------
EQ2 : What are the names N of all program blocks?

eq2(ProgramName)
...................................................................................................


---------------------------------------------------------------------------------------------------
EQ3 : What out ports are qualified with URIs

eq3(PortName)
...................................................................................................


---------------------------------------------------------------------------------------------------
YW_Q2 : What workflow steps comprise the top-level workflow?

yw_q2(StepName, Description)
...................................................................................................


---------------------------------------------------------------------------------------------------
YW_Q4 : What are the names and descriptions of any outputs of the workflow?

yw_q4(OutputName, Description)
...................................................................................................


---------------------------------------------------------------------------------------------------
YW_Q6 : What are the output data for the paleocar?

yw_q6(DataName)
...................................................................................................


---------------------------------------------------------------------------------------------------
YW_Q7 : What are the input data for the generation of the prediction plot in paleocar?

yw_q7(DataName,StepName)
...................................................................................................
