

---------------------------------------------------------------------------------------------------
EQ2 : What are the names N of all program blocks?

eq2(ProgramName)
...................................................................................................
eq2(gen_paleocar_model).


---------------------------------------------------------------------------------------------------
EQ3 : What out ports are qualified with URIs

eq3(PortName)
...................................................................................................
eq3(model).
eq3(plot).
eq3(prediction_model).


---------------------------------------------------------------------------------------------------
YW_Q2 : What workflow steps comprise the top-level workflow?

yw_q2(StepName, Description)
...................................................................................................
yw_q2(gen_paleocar_model,'file containing the precipitation values for the particular region').
yw_q2(gen_paleocar_model,'file containing the precipitation values for the selected region.').
yw_q2(gen_paleocar_model,'execute paleocar model for reconstruction of paleoclimate of the study region.').


---------------------------------------------------------------------------------------------------
YW_Q4 : What are the names and descriptions of any outputs of the workflow?

yw_q4(OutputName, Description)
...................................................................................................
yw_q4(uncertainty_plot,'timeseries plot of uncertainty model of the paleocar reconstruction.').
yw_q4(uncertainty_model,'R model of the paleocar reconstruction of uncertainties.').
yw_q4(prediction_plot,'timeseries plot of prediction model of the paleocar reconstruction.').
yw_q4(prediction_model,'R model of the paleocar reconstruction of prediction.').


---------------------------------------------------------------------------------------------------
YW_Q6 : What are the output data for the paleocar?

yw_q6(DataName)
...................................................................................................


---------------------------------------------------------------------------------------------------
YW_Q7 : What are the input data for the generation of the prediction plot in paleocar?

yw_q7(DataName,StepName)
...................................................................................................
