

---------------------------------------------------------------------------------------------------
EQ2 : What are the names N of all program blocks?

eq2(ProgramName)
...................................................................................................
eq2(get_tree_ring_data).
eq2(get_treepolygon).
eq2(get_shapefile).
eq2(get_itrdb_data).


---------------------------------------------------------------------------------------------------
EQ3 : What out ports are qualified with URIs

eq3(PortName)
...................................................................................................
eq3(itrdb).
eq3(polygon_shape).


---------------------------------------------------------------------------------------------------
YW_Q2 : What workflow steps comprise the top-level workflow?

yw_q2(StepName, Description)
...................................................................................................
yw_q2(get_tree_ring_data,'Extract tree ring data for the grca region using get_itrdb function and treepolygon template.').
yw_q2(get_treepolygon,'Get Tree-ring data from the ITRDB for tree_buffer around GRCA').
yw_q2(get_shapefile,'download shapefile archive and extract the shapefile for the grca region.').


---------------------------------------------------------------------------------------------------
YW_Q4 : What are the names and descriptions of any outputs of the workflow?

yw_q4(OutputName, Description)
...................................................................................................


---------------------------------------------------------------------------------------------------
YW_Q6 : What are the output data for the paleocar?

yw_q6(DataName)
...................................................................................................


---------------------------------------------------------------------------------------------------
YW_Q7 : What are the input data for the generation of the prediction plot in paleocar?

yw_q7(DataName,StepName)
...................................................................................................
