

---------------------------------------------------------------------------------------------------
EQ2 : What are the names N of all program blocks?

eq2(ProgramName)
...................................................................................................
eq2(exec_paleocar).
eq2(extract_prism_data).
eq2(acccess_static_server_files).
eq2(get_client_data).
eq2('paleocar_web-app_data_flow').


---------------------------------------------------------------------------------------------------
EQ3 : What out ports are qualified with URIs

eq3(PortName)
...................................................................................................
eq3(itrdb).
eq3(paleocar_model).
eq3(paleocar_log_file).
eq3(log_file).
eq3(prediction_graph).
eq3(uncertainty_model).
eq3(tree_ring).
eq3(model).
eq3(uncertainty_graph).
eq3(prediction_model).
eq3(plot).
eq3(prism_data).
eq3(prism_data_for_coordinates).
eq3(data).


---------------------------------------------------------------------------------------------------
YW_Q1 : What program blocks provide input to gen_paleocar_model?

yw_q1(ProgramName)
...................................................................................................


---------------------------------------------------------------------------------------------------
YW_Q2 : What workflow steps comprise the top-level workflow?

yw_q2(StepName, Description)
...................................................................................................
yw_q2(exec_paleocar,'a user labe').
yw_q2(exec_paleocar,'execute paleocar for reconstruction of paleoclimate of the study region. Generate the timeseries graphs, and paleocar models of paleoclimatic reconstruction.').
yw_q2(extract_prism_data,'period for calibrating the information for predicting the climate.').
yw_q2(extract_prism_data,'get the prism data file on the server with precipitation values and extract the data for the input coordinates and save as a csv file.').
yw_q2(acccess_static_server_files,'file containing the precipitation values for the particular region').
yw_q2(acccess_static_server_files,'file containing the precipitation values for the selected region.').
yw_q2(acccess_static_server_files,'the static files available and required for execution of PaleoCAR on the server.').
yw_q2(get_client_data,'Prediction years for reconstruction of paleoclimate.').
yw_q2(get_client_data,'get the data from the user and generate the client side metadata for storing the information of each run.').


---------------------------------------------------------------------------------------------------
YW_Q3 : What programs have input ports that receive data user_prediction_years?

yw_q3(ProgramName)
...................................................................................................
yw_q3('paleocar_web-app_data_flow').
yw_q3(get_client_data).


---------------------------------------------------------------------------------------------------
YW_Q4 : What are the names and descriptions of any outputs of the workflow?

yw_q4(OutputName, Description)
...................................................................................................
yw_q4(paleocar_model,'R model generated for the paleoclimatic reconstruction.').
yw_q4(uncertainty_graph,'timeseries plot of uncertainty model of the paleocar reconstruction.').
yw_q4(uncertainty_model,'R model of the paleocar reconstruction of uncertainties.').
yw_q4(paleocar_log_file,'text file containing information of the execution of the run.').
yw_q4(prediction_model,'R model of the paleocar reconstruction of prediction.').
yw_q4(prediction_graph,'timeseries plot of prediction model of the paleocar reconstruction.').
yw_q4(itrdb,'tree ring chronologies database').
yw_q4(prism_data,'file containing the precipitation values for the particular region').
yw_q4(prism_data,'file containing the precipitation values for the particular region.').


---------------------------------------------------------------------------------------------------
YW_Q6 : What are the output data for the paleocar?

yw_q6(DataName)
...................................................................................................


---------------------------------------------------------------------------------------------------
YW_Q7 : What are the input data for the generation of the prediction plot in paleocar?

yw_q7(DataName,StepName)
...................................................................................................


---------------------------------------------------------------------------------------------------
YW_Q5 : What are the input data for the generation of the uncertainty plot in paleocar?

yw_q5(DataName)
...................................................................................................
