

---------------------------------------------------------------------------------------------------
EQ2 : What are the names N of all program blocks?

eq2(ProgramName)
...................................................................................................
eq2(get_predictor_matrix).
eq2(get_predlist).
eq2(getCarscores).
eq2(calculateModels).
eq2(optimizeModels).
eq2(get_max_preds).
eq2(get_reconstruction_matrix).
eq2(gen_predictand_matrix).
eq2(paleocar_models).


---------------------------------------------------------------------------------------------------
EQ3 : What out ports are qualified with URIs

eq3(PortName)
...................................................................................................
eq3('final.models').
eq3(models).


---------------------------------------------------------------------------------------------------
YW_Q2 : What workflow steps comprise the top-level workflow?

yw_q2(StepName, Description)
...................................................................................................
yw_q2(optimizeModels,'optimize models for speed and memory use.').
yw_q2(calculateModels,'Prepare data for modelling and calculate CAR scores.').
yw_q2(getCarscores,'Compute CAR scores over a matrix of predictands.').
yw_q2(get_predlist,'Logical, display status messages during run.').
yw_q2(get_predlist,'Get list of stepwise predictors from a reconstruction matrix').
yw_q2(gen_predictand_matrix,'An integer, indicating the minimum number of tree-ring samples allowed for that year of a chronology to be valid.').
yw_q2(gen_predictand_matrix,'Generate a matrix from the input prism data file.').
yw_q2(get_reconstruction_matrix,'A matrix of tree ring chronologies, indexed annually. Each chronology is a column. The first column must be labeled "YEAR" and is the calendar year.').
yw_q2(get_reconstruction_matrix,'Get chronologies matrix for the prediction years.').
yw_q2(get_max_preds,'An optional integer vector of years for the reconstruction.').
yw_q2(get_max_preds,'Get the maximum number of predictors.').
yw_q2(get_predictor_matrix,'An integer vector of years corresponding to the layers in the \\code{predictands} brick.').
yw_q2(get_predictor_matrix,'Get chronologies matrix for the calibration years.').


---------------------------------------------------------------------------------------------------
YW_Q4 : What are the names and descriptions of any outputs of the workflow?

yw_q4(OutputName, Description)
...................................................................................................


---------------------------------------------------------------------------------------------------
YW_Q6 : What are the output data for the paleocar?

yw_q6(DataName)
...................................................................................................


---------------------------------------------------------------------------------------------------
YW_Q7 : What are the input data for the generation of the prediction plot in paleocar?

yw_q7(DataName,StepName)
...................................................................................................
