

---------------------------------------------------------------------------------------------------
EQ2 : What are the names N of all program blocks?

eq2(ProgramName)
...................................................................................................
eq2(extract_uncertainty_model).
eq2(extract_prediction_model).
eq2(gen_paleocar_model).
eq2(extract_prism_data).
eq2(get_user_input).
eq2(exec_paleocar).


---------------------------------------------------------------------------------------------------
EQ3 : What out ports are qualified with URIs

eq3(PortName)
...................................................................................................
eq3(prism_data_for_coordinates).
eq3(uncertainty_model).
eq3(paleocar_model_log_file).
eq3(prediction_plot).
eq3(log_file).
eq3(uncertainty_plot).
eq3(plot).
eq3(paleocar_models).
eq3(model).
eq3(prediction_model).


---------------------------------------------------------------------------------------------------
YW_Q2 : What workflow steps comprise the top-level workflow?

yw_q2(StepName, Description)
...................................................................................................
yw_q2(extract_uncertainty_model,'a user label for the generated paleocar model of the study region.').
yw_q2(extract_uncertainty_model,'extract the LOOCV uncertainty information from the set of Paleocar models for specified period.').
yw_q2(extract_prediction_model,'period for calibrating the information for predicting the climate.').
yw_q2(extract_prediction_model,'extract the rasterbrick reconstruction from a PaleoCAR batch model for the specified prediction period.').
yw_q2(gen_paleocar_model,'tree ring chronologies database').
yw_q2(gen_paleocar_model,'generate paleocar models for predicting the climate for the given years.').
yw_q2(extract_prism_data,'file containing the precipitation values for the particular region').
yw_q2(extract_prism_data,'Load the prism data file with precipitation values and extract the data for the input coordinates and save as a csv file.').
yw_q2(get_user_input,'Prediction years for reconstruction of paleoclimate.').
yw_q2(get_user_input,'Get coordinates and years for predicting the model from the web app user.').


---------------------------------------------------------------------------------------------------
YW_Q4 : What are the names and descriptions of any outputs of the workflow?

yw_q4(OutputName, Description)
...................................................................................................
yw_q4(paleocar_model_log_file,'a log file containing information about the execution of paleocar reconstruction.').
yw_q4(uncertainty_plot,'timeseries plot of uncertainty model of the paleocar reconstruction.').
yw_q4(prediction_plot,'timeseries plot of prediction model of the paleocar reconstruction.').
yw_q4(uncertainty_model,'R model of the paleocar reconstruction of uncertainties.').
yw_q4(prediction_model,'R model of the paleocar reconstruction of prediction.').
yw_q4(paleocar_models,'R model of the paleocar reconstruction.').


---------------------------------------------------------------------------------------------------
YW_Q6 : What are the output data for the paleocar?

yw_q6(DataName)
...................................................................................................
yw_q6(paleocar_model_log_file).
yw_q6(uncertainty_plot).
yw_q6(prediction_plot).
yw_q6(uncertainty_model).
yw_q6(prediction_model).
yw_q6(paleocar_models).


---------------------------------------------------------------------------------------------------
YW_Q7 : What are the input data for the generation of the prediction plot in paleocar?

yw_q7(DataName,StepName)
...................................................................................................
yw_q7(label,extract_uncertainty_model).
yw_q7(calibration_year,extract_uncertainty_model).
yw_q7(itrdb,extract_uncertainty_model).
yw_q7(user_map_marker_pos,extract_uncertainty_model).
yw_q7(user_prediction_years,extract_uncertainty_model).
